生成启动时间为 2016/8/27 15:44:39。
     1>项目“E:\0MY_CODE\DirectExampl\Learning\Learning\Learning.vcxproj”在节点 2 上(Build 个目标)。
     1>ClCompile:
         D:\Program Files (x86)\Microsoft Visual Studio 11.0\VC\bin\CL.exe /c /Zi /nologo /W3 /WX- /O2 /Oi /Oy- /GL /D _UNICODE /D UNICODE /Gm- /EHsc /MD /GS /Gy /fp:precise /Zc:wchar_t /Zc:forScope /Fo"Release\\" /Fd"Release\vc110.pdb" /Gd /TP /analyze- /errorReport:prompt code\main1.cpp
         main1.cpp
     1>e:\0my_code\directexampl\learning\learning\code\Soldier.h(6): warning C4305: “参数”: 从“double”到“FLOAT”截断
     1>e:\0my_code\directexampl\learning\learning\code\Soldier.h(7): warning C4305: “参数”: 从“double”到“FLOAT”截断
     1>e:\0my_code\directexampl\learning\learning\code\Soldier.h(8): warning C4305: “参数”: 从“double”到“FLOAT”截断
     1>code\main1.cpp(420): warning C4244: “参数”: 从“int”转换到“float”，可能丢失数据
     1>code\main1.cpp(424): warning C4244: “参数”: 从“int”转换到“float”，可能丢失数据
     1>code\main1.cpp(427): warning C4244: “参数”: 从“int”转换到“float”，可能丢失数据
     1>code\main1.cpp(430): warning C4244: “参数”: 从“int”转换到“float”，可能丢失数据
     1>code\main1.cpp(433): warning C4244: “参数”: 从“int”转换到“float”，可能丢失数据
     1>code\main1.cpp(439): warning C4244: “参数”: 从“int”转换到“float”，可能丢失数据
     1>code\main1.cpp(442): warning C4244: “参数”: 从“int”转换到“float”，可能丢失数据
     1>code\main1.cpp(444): warning C4244: “参数”: 从“int”转换到“float”，可能丢失数据
     1>code\main1.cpp(447): warning C4244: “参数”: 从“int”转换到“float”，可能丢失数据
     1>code\main1.cpp(453): warning C4244: “参数”: 从“int”转换到“float”，可能丢失数据
     1>code\main1.cpp(456): warning C4244: “参数”: 从“int”转换到“float”，可能丢失数据
     1>code\main1.cpp(458): warning C4244: “参数”: 从“int”转换到“float”，可能丢失数据
     1>code\main1.cpp(463): warning C4244: “参数”: 从“int”转换到“float”，可能丢失数据
     1>code\main1.cpp(466): warning C4244: “参数”: 从“int”转换到“float”，可能丢失数据
     1>code\main1.cpp(471): warning C4244: “参数”: 从“int”转换到“float”，可能丢失数据
     1>code\main1.cpp(474): warning C4244: “参数”: 从“int”转换到“float”，可能丢失数据
     1>code\main1.cpp(558): warning C4305: “参数”: 从“double”到“FLOAT”截断
     1>code\main1.cpp(568): warning C4305: “参数”: 从“double”到“FLOAT”截断
     1>code\main1.cpp(596): warning C4305: “参数”: 从“double”到“FLOAT”截断
     1>code\main1.cpp(605): warning C4305: “参数”: 从“double”到“FLOAT”截断
     1>code\main1.cpp(818): warning C4018: “>”: 有符号/无符号不匹配
     1>code\main1.cpp(831): warning C4018: “<”: 有符号/无符号不匹配
     1>code\main1.cpp(944): warning C4018: “<”: 有符号/无符号不匹配
     1>code\main1.cpp(1166): warning C4996: 'sprintf': This function or variable may be unsafe. Consider using sprintf_s instead. To disable deprecation, use _CRT_SECURE_NO_WARNINGS. See online help for details.
                 D:\Program Files (x86)\Microsoft Visual Studio 11.0\VC\include\stdio.h(357) : 参见“sprintf”的声明
     1>code\main1.cpp(1213): warning C4996: 'sprintf': This function or variable may be unsafe. Consider using sprintf_s instead. To disable deprecation, use _CRT_SECURE_NO_WARNINGS. See online help for details.
                 D:\Program Files (x86)\Microsoft Visual Studio 11.0\VC\include\stdio.h(357) : 参见“sprintf”的声明
       Link:
         D:\Program Files (x86)\Microsoft Visual Studio 11.0\VC\bin\link.exe /ERRORREPORT:PROMPT /OUT:"E:\0MY_CODE\DirectExampl\Learning\Release\Learning.exe" /NOLOGO kernel32.lib user32.lib gdi32.lib winspool.lib comdlg32.lib advapi32.lib shell32.lib ole32.lib oleaut32.lib uuid.lib odbc32.lib odbccp32.lib /MANIFEST /MANIFESTUAC:"level='asInvoker' uiAccess='false'" /manifest:embed /DEBUG /PDB:"E:\0MY_CODE\DirectExampl\Learning\Release\Learning.pdb" /OPT:REF /OPT:ICF /LTCG /TLBID:1 /DYNAMICBASE /NXCOMPAT /IMPLIB:"E:\0MY_CODE\DirectExampl\Learning\Release\Learning.lib" /MACHINE:X86 /SAFESEH Release\AllocateHierarchy.obj
         Release\Camera.obj
         Release\Character.obj
         Release\D3DGUI.obj
         Release\Input.obj
         Release\FireBall.obj
         Release\Hero.obj
         Release\main1.obj
         Release\Monster.obj
         Release\SkyBox.obj
         Release\SnowParticle.obj
         Release\Soldier.obj
         Release\Terrain.obj
         Release\Tower.obj
         正在生成代码
         已完成代码的生成
         Learning.vcxproj -> E:\0MY_CODE\DirectExampl\Learning\Release\Learning.exe
     1>已完成生成项目“E:\0MY_CODE\DirectExampl\Learning\Learning\Learning.vcxproj”(Build 个目标)的操作。

生成成功。

已用时间 00:00:06.91
