E:\0MY_CODE\DIRECTEXAMPL\LEARNING\LEARNING\RELEASE\XFILEMODELCLASS.OBJ
E:\0MY_CODE\DIRECTEXAMPL\LEARNING\LEARNING\RELEASE\TERRAINCLASS.OBJ
E:\0MY_CODE\DIRECTEXAMPL\LEARNING\LEARNING\RELEASE\SNOWPARTICLECLASS.OBJ
E:\0MY_CODE\DIRECTEXAMPL\LEARNING\LEARNING\RELEASE\SKYBOXCLASS.OBJ
E:\0MY_CODE\DIRECTEXAMPL\LEARNING\LEARNING\RELEASE\DIRECTINPUTCLASS.OBJ
E:\0MY_CODE\DIRECTEXAMPL\LEARNING\LEARNING\RELEASE\D3DGUICLASS.OBJ
E:\0MY_CODE\DIRECTEXAMPL\LEARNING\LEARNING\RELEASE\CAMERACLASS.OBJ
E:\0MY_CODE\DIRECTEXAMPL\LEARNING\LEARNING\RELEASE\ALLOCATEHIERARCHYCLASS.OBJ
E:\0MY_CODE\DIRECTEXAMPL\LEARNING\LEARNING\RELEASE\MAIN1.OBJ
E:\0MY_CODE\DIRECTEXAMPL\LEARNING\LEARNING\RELEASE\MONSTER.OBJ
E:\0MY_CODE\DIRECTEXAMPL\LEARNING\LEARNING\RELEASE\FIREBALL.OBJ
E:\0MY_CODE\DIRECTEXAMPL\LEARNING\LEARNING\RELEASE\TOWER.OBJ
E:\0MY_CODE\DIRECTEXAMPL\LEARNING\LEARNING\RELEASE\HERO.OBJ
E:\0MY_CODE\DIRECTEXAMPL\LEARNING\LEARNING\RELEASE\CHARACTER.OBJ
E:\0MY_CODE\DIRECTEXAMPL\LEARNING\LEARNING\RELEASE\SOLDIER.OBJ
E:\0MY_CODE\DIRECTEXAMPL\LEARNING\LEARNING\RELEASE\VC110.PDB
E:\0MY_CODE\DirectExampl\Learning\Learning\Release\AllocateHierarchyClass.obj
E:\0MY_CODE\DirectExampl\Learning\Learning\Release\CameraClass.obj
E:\0MY_CODE\DirectExampl\Learning\Learning\Release\Character.obj
E:\0MY_CODE\DirectExampl\Learning\Learning\Release\D3DGUIClass.obj
E:\0MY_CODE\DirectExampl\Learning\Learning\Release\DirectInputClass.obj
E:\0MY_CODE\DirectExampl\Learning\Learning\Release\FireBall.obj
E:\0MY_CODE\DirectExampl\Learning\Learning\Release\Hero.obj
E:\0MY_CODE\DirectExampl\Learning\Learning\Release\main1.obj
E:\0MY_CODE\DirectExampl\Learning\Learning\Release\Monster.obj
E:\0MY_CODE\DirectExampl\Learning\Learning\Release\SkyBoxClass.obj
E:\0MY_CODE\DirectExampl\Learning\Learning\Release\SnowParticleClass.obj
E:\0MY_CODE\DirectExampl\Learning\Learning\Release\Soldier .obj
E:\0MY_CODE\DirectExampl\Learning\Learning\Release\Soldier.obj
E:\0MY_CODE\DirectExampl\Learning\Learning\Release\TerrainClass.obj
E:\0MY_CODE\DirectExampl\Learning\Learning\Release\Tower.obj
E:\0MY_CODE\DirectExampl\Learning\Learning\Release\XFileModelClass.obj
E:\0MY_CODE\DirectExampl\Learning\Learning\Release\cl.command.1.tlog
E:\0MY_CODE\DirectExampl\Learning\Learning\Release\CL.read.1.tlog
E:\0MY_CODE\DirectExampl\Learning\Learning\Release\CL.write.1.tlog
E:\0MY_CODE\DirectExampl\Learning\Learning\Release\link-cvtres.read.1.tlog
E:\0MY_CODE\DirectExampl\Learning\Learning\Release\link-cvtres.write.1.tlog
E:\0MY_CODE\DirectExampl\Learning\Learning\Release\link-rc.read.1.tlog
E:\0MY_CODE\DirectExampl\Learning\Learning\Release\link-rc.write.1.tlog
E:\0MY_CODE\DirectExampl\Learning\Learning\Release\link.command.1.tlog
E:\0MY_CODE\DirectExampl\Learning\Learning\Release\link.read.1.tlog
E:\0MY_CODE\DirectExampl\Learning\Learning\Release\link.write.1.tlog
E:\0MY_CODE\DirectExampl\Learning\Learning\Release\vc110.pdb
